# Comando: python -m pytest -v
# Offline: factory, key faltante, 401/429/red con mocks.

============================= test session starts =============================
platform win32 -- Python 3.12.10, pytest-8.4.2, pluggy-1.6.0
rootdir: C:\Software\Coder\coder-preentrega-1
configfile: pytest.ini
testpaths: tests
plugins: anyio-4.15.1, asyncio-1.2.0, mock-3.15.1, respx-0.23.1
collected 11 items

tests/test_models.py::test_build_model_creates_openai PASSED
tests/test_models.py::test_missing_api_key_raises PASSED
tests/test_models.py::test_invalid_provider_raises PASSED
tests/test_models.py::test_factory_anthropic PASSED
tests/test_models.py::test_temperature_fuera_de_rango PASSED
tests/test_models.py::test_role_invalido PASSED
tests/test_retries.py::test_transient_retries_then_succeeds PASSED
tests/test_retries.py::test_non_transient_does_not_retry PASSED
tests/test_retries.py::test_retry_async_agota PASSED
tests/test_retries.py::test_openai_429_queda_en_model_response_error PASSED
tests/test_retries.py::test_openai_red_queda_en_error PASSED

============================= 11 passed in 8.41s ==============================
